Command line:
   RAM_isim_beh.exe
     -simmode  gui
     -simrunnum  0
     -socket  51498

Fri Mar 24 10:53:47 2017


 Elaboration Time: 0.0624 sec

 Current Memory Usage: 667.349 Meg

 Total Signals          : 6
 Total Nets             : 59
 Total Signal Drivers   : 1
 Total Blocks           : 4
 Total Primitive Blocks : 4
 Total Processes        : 1
 Total Traceable Variables  : 10
 Total Scalar Nets and Variables : 437
Total Line Count : 9

 Total Simulation Time: 0.0624 sec

 Current Memory Usage: 667.349 Meg

Fri Mar 24 10:53:50 2017

