Command line:
   PC_isim_beh.exe
     -simmode  gui
     -simrunnum  0
     -socket  2650

Thu Mar 23 20:33:13 2017


 Elaboration Time: 0.0468 sec

 Current Memory Usage: 667.349 Meg

 Total Signals          : 5
 Total Nets             : 51
 Total Signal Drivers   : 1
 Total Blocks           : 3
 Total Primitive Blocks : 3
 Total Processes        : 1
 Total Traceable Variables  : 13
 Total Scalar Nets and Variables : 534
Total Line Count : 5

 Total Simulation Time: 0.0468 sec

 Current Memory Usage: 667.349 Meg

Thu Mar 23 20:33:16 2017

