Command line:
   micro_tb_isim_beh.exe
     -simmode  gui
     -simrunnum  0
     -socket  65446

Wed Mar 22 16:29:54 2017


 Elaboration Time: 0.0624 sec

 Current Memory Usage: 667.464 Meg

 Total Signals          : 71
 Total Nets             : 237
 Total Signal Drivers   : 22
 Total Blocks           : 14
 Total Primitive Blocks : 12
 Total Processes        : 11
 Total Traceable Variables  : 16
 Total Scalar Nets and Variables : 739
Total Line Count : 105

 Total Simulation Time: 0.0624 sec

 Current Memory Usage: 982.036 Meg

Wed Mar 22 16:30:30 2017

