Command line:
   ALU_isim_beh.exe
     -simmode  gui
     -simrunnum  0
     -socket  52424

Fri Mar 24 11:04:59 2017


 Elaboration Time: 0.0624 sec

 Current Memory Usage: 667.349 Meg

 Total Signals          : 6
 Total Nets             : 30
 Total Signal Drivers   : 1
 Total Blocks           : 3
 Total Primitive Blocks : 3
 Total Processes        : 1
 Total Traceable Variables  : 13
 Total Scalar Nets and Variables : 513
Total Line Count : 15

 Total Simulation Time: 0.0624 sec

 Current Memory Usage: 667.349 Meg

Fri Mar 24 11:05:17 2017

